# JRE version: OpenJDK Runtime Environment (8.0_152-b01) (build 1.8.0_152-release-915-b01)
# Java VM: OpenJDK 64-Bit Server VM (25.152-b01 mixed mode windows-amd64 compressed oops)
Heap:
 PSYoungGen      total 471552K, used 353364K [0x00000000d5580000, 0x0000000100000000, 0x0000000100000000)
  eden space 239104K, 96% used [0x00000000d5580000,0x00000000e363a9a0,0x00000000e3f00000)
  from space 232448K, 53% used [0x00000000f1d00000,0x00000000f955a918,0x0000000100000000)
  to   space 227328K, 0% used [0x00000000e3f00000,0x00000000e3f00000,0x00000000f1d00000)
 ParOldGen       total 1219584K, used 1055743K [0x0000000080000000, 0x00000000ca700000, 0x00000000d5580000)
  object space 1219584K, 86% used [0x0000000080000000,0x00000000c06ffe60,0x00000000ca700000)
 Metaspace       used 87965K, capacity 93380K, committed 99732K, reserved 1136640K
  class space    used 10564K, capacity 11776K, committed 12988K, reserved 1048576K
GC Heap History (10 events):
Event: 2441.694 GC heap before
{Heap before GC invocations=127 (full 15):
 PSYoungGen      total 517632K, used 463957K [0x00000000d5580000, 0x0000000100000000, 0x0000000100000000)
  eden space 362496K, 100% used [0x00000000d5580000,0x00000000eb780000,0x00000000eb780000)
  from space 155136K, 65% used [0x00000000eb780000,0x00000000f1a957a0,0x00000000f4f00000)
  to   space 159744K, 0% used [0x00000000f6400000,0x00000000f6400000,0x0000000100000000)
 ParOldGen       total 1219584K, used 843764K [0x0000000080000000, 0x00000000ca700000, 0x00000000d5580000)
  object space 1219584K, 69% used [0x0000000080000000,0x00000000b37fd3e8,0x00000000ca700000)
 Metaspace       used 87909K, capacity 93292K, committed 99732K, reserved 1136640K
  class space    used 10555K, capacity 11772K, committed 12988K, reserved 1048576K
Event: 2441.809 GC heap after
Heap after GC invocations=127 (full 15):
 PSYoungGen      total 494080K, used 154639K [0x00000000d5580000, 0x0000000100000000, 0x0000000100000000)
  eden space 334336K, 0% used [0x00000000d5580000,0x00000000d5580000,0x00000000e9c00000)
  from space 159744K, 96% used [0x00000000f6400000,0x00000000ffb03d98,0x0000000100000000)
  to   space 182272K, 0% used [0x00000000e9c00000,0x00000000e9c00000,0x00000000f4e00000)
 ParOldGen       total 1219584K, used 843764K [0x0000000080000000, 0x00000000ca700000, 0x00000000d5580000)
  object space 1219584K, 69% used [0x0000000080000000,0x00000000b37fd3e8,0x00000000ca700000)
 Metaspace       used 87909K, capacity 93292K, committed 99732K, reserved 1136640K
  class space    used 10555K, capacity 11772K, committed 12988K, reserved 1048576K
}
Event: 2442.021 GC heap before
{Heap before GC invocations=128 (full 15):
 PSYoungGen      total 494080K, used 488975K [0x00000000d5580000, 0x0000000100000000, 0x0000000100000000)
  eden space 334336K, 100% used [0x00000000d5580000,0x00000000e9c00000,0x00000000e9c00000)
  from space 159744K, 96% used [0x00000000f6400000,0x00000000ffb03d98,0x0000000100000000)
  to   space 182272K, 0% used [0x00000000e9c00000,0x00000000e9c00000,0x00000000f4e00000)
 ParOldGen       total 1219584K, used 843764K [0x0000000080000000, 0x00000000ca700000, 0x00000000d5580000)
  object space 1219584K, 69% used [0x0000000080000000,0x00000000b37fd3e8,0x00000000ca700000)
 Metaspace       used 87909K, capacity 93292K, committed 99732K, reserved 1136640K
  class space    used 10555K, capacity 11772K, committed 12988K, reserved 1048576K
Event: 2442.169 GC heap after
Heap after GC invocations=128 (full 15):
 PSYoungGen      total 516608K, used 182258K [0x00000000d5580000, 0x0000000100000000, 0x0000000100000000)
  eden space 334336K, 0% used [0x00000000d5580000,0x00000000d5580000,0x00000000e9c00000)
  from space 182272K, 99% used [0x00000000e9c00000,0x00000000f4dfcbc8,0x00000000f4e00000)
  to   space 182272K, 0% used [0x00000000f4e00000,0x00000000f4e00000,0x0000000100000000)
 ParOldGen       total 1219584K, used 872072K [0x0000000080000000, 0x00000000ca700000, 0x00000000d5580000)
  object space 1219584K, 71% used [0x0000000080000000,0x00000000b53a23e0,0x00000000ca700000)
 Metaspace       used 87909K, capacity 93292K, committed 99732K, reserved 1136640K
  class space    used 10555K, capacity 11772K, committed 12988K, reserved 1048576K
}
Event: 2442.461 GC heap before
{Heap before GC invocations=129 (full 15):
 PSYoungGen      total 516608K, used 516594K [0x00000000d5580000, 0x0000000100000000, 0x0000000100000000)
  eden space 334336K, 100% used [0x00000000d5580000,0x00000000e9c00000,0x00000000e9c00000)
  from space 182272K, 99% used [0x00000000e9c00000,0x00000000f4dfcbc8,0x00000000f4e00000)
  to   space 182272K, 0% used [0x00000000f4e00000,0x00000000f4e00000,0x0000000100000000)
 ParOldGen       total 1219584K, used 872072K [0x0000000080000000, 0x00000000ca700000, 0x00000000d5580000)
  object space 1219584K, 71% used [0x0000000080000000,0x00000000b53a23e0,0x00000000ca700000)
 Metaspace       used 87910K, capacity 93292K, committed 99732K, reserved 1136640K
  class space    used 10555K, capacity 11772K, committed 12988K, reserved 1048576K
Event: 2442.640 GC heap after
Heap after GC invocations=129 (full 15):
 PSYoungGen      total 424448K, used 146368K [0x00000000d5580000, 0x0000000100000000, 0x0000000100000000)
  eden space 242176K, 0% used [0x00000000d5580000,0x00000000d5580000,0x00000000e4200000)
  from space 182272K, 80% used [0x00000000f4e00000,0x00000000fdcf0308,0x0000000100000000)
  to   space 228352K, 0% used [0x00000000e4200000,0x00000000e4200000,0x00000000f2100000)
 ParOldGen       total 1219584K, used 971721K [0x0000000080000000, 0x00000000ca700000, 0x00000000d5580000)
  object space 1219584K, 79% used [0x0000000080000000,0x00000000bb4f2698,0x00000000ca700000)
 Metaspace       used 87910K, capacity 93292K, committed 99732K, reserved 1136640K
  class space    used 10555K, capacity 11772K, committed 12988K, reserved 1048576K
}
Event: 2443.068 GC heap before
{Heap before GC invocations=130 (full 15):
 PSYoungGen      total 424448K, used 388544K [0x00000000d5580000, 0x0000000100000000, 0x0000000100000000)
  eden space 242176K, 100% used [0x00000000d5580000,0x00000000e4200000,0x00000000e4200000)
  from space 182272K, 80% used [0x00000000f4e00000,0x00000000fdcf0308,0x0000000100000000)
  to   space 228352K, 0% used [0x00000000e4200000,0x00000000e4200000,0x00000000f2100000)
 ParOldGen       total 1219584K, used 971721K [0x0000000080000000, 0x00000000ca700000, 0x00000000d5580000)
  object space 1219584K, 79% used [0x0000000080000000,0x00000000bb4f2698,0x00000000ca700000)
 Metaspace       used 87910K, capacity 93292K, committed 99732K, reserved 1136640K
  class space    used 10555K, capacity 11772K, committed 12988K, reserved 1048576K
Event: 2443.215 GC heap after
Heap after GC invocations=130 (full 15):
 PSYoungGen      total 384512K, used 141988K [0x00000000d5580000, 0x0000000100000000, 0x0000000100000000)
  eden space 242176K, 0% used [0x00000000d5580000,0x00000000d5580000,0x00000000e4200000)
  from space 142336K, 99% used [0x00000000e4200000,0x00000000ecca92f8,0x00000000ecd00000)
  to   space 232448K, 0% used [0x00000000f1d00000,0x00000000f1d00000,0x0000000100000000)
 ParOldGen       total 1219584K, used 1024606K [0x0000000080000000, 0x00000000ca700000, 0x00000000d5580000)
  object space 1219584K, 84% used [0x0000000080000000,0x00000000be897830,0x00000000ca700000)
 Metaspace       used 87910K, capacity 93292K, committed 99732K, reserved 1136640K
  class space    used 10555K, capacity 11772K, committed 12988K, reserved 1048576K
}
Event: 2445.289 GC heap before
{Heap before GC invocations=131 (full 15):
 PSYoungGen      total 384512K, used 378840K [0x00000000d5580000, 0x0000000100000000, 0x0000000100000000)
  eden space 242176K, 97% used [0x00000000d5580000,0x00000000e3cccee0,0x00000000e4200000)
  from space 142336K, 99% used [0x00000000e4200000,0x00000000ecca92f8,0x00000000ecd00000)
  to   space 232448K, 0% used [0x00000000f1d00000,0x00000000f1d00000,0x0000000100000000)
 ParOldGen       total 1219584K, used 1032798K [0x0000000080000000, 0x00000000ca700000, 0x00000000d5580000)
  object space 1219584K, 84% used [0x0000000080000000,0x00000000bf097840,0x00000000ca700000)
 Metaspace       used 87912K, capacity 93292K, committed 99732K, reserved 1136640K
  class space    used 10555K, capacity 11772K, committed 12988K, reserved 1048576K
Event: 2445.398 GC heap after
Heap after GC invocations=131 (full 15):
 PSYoungGen      total 471552K, used 123242K [0x00000000d5580000, 0x0000000100000000, 0x0000000100000000)
  eden space 239104K, 0% used [0x00000000d5580000,0x00000000d5580000,0x00000000e3f00000)
  from space 232448K, 53% used [0x00000000f1d00000,0x00000000f955a918,0x0000000100000000)
  to   space 227328K, 0% used [0x00000000e3f00000,0x00000000e3f00000,0x00000000f1d00000)
 ParOldGen       total 1219584K, used 1055743K [0x0000000080000000, 0x00000000ca700000, 0x00000000d5580000)
  object space 1219584K, 86% used [0x0000000080000000,0x00000000c06ffe60,0x00000000ca700000)
 Metaspace       used 87912K, capacity 93292K, committed 99732K, reserved 1136640K
  class space    used 10555K, capacity 11772K, committed 12988K, reserved 1048576K
}

