# JRE version: OpenJDK Runtime Environment (8.0_152-b01) (build 1.8.0_152-release-915-b01)
# Java VM: OpenJDK 64-Bit Server VM (25.152-b01 mixed mode windows-amd64 compressed oops)
Heap:
 PSYoungGen      total 315904K, used 96164K [0x00000000d5580000, 0x00000000ecc80000, 0x0000000100000000)
  eden space 264192K, 16% used [0x00000000d5580000,0x00000000d80e98f8,0x00000000e5780000)
  from space 51712K, 99% used [0x00000000e6100000,0x00000000e937fa08,0x00000000e9380000)
  to   space 58368K, 0% used [0x00000000e9380000,0x00000000e9380000,0x00000000ecc80000)
 ParOldGen       total 170496K, used 86037K [0x0000000080000000, 0x000000008a680000, 0x00000000d5580000)
  object space 170496K, 50% used [0x0000000080000000,0x0000000085405468,0x000000008a680000)
 Metaspace       used 72357K, capacity 77736K, committed 77972K, reserved 1116160K
  class space    used 9183K, capacity 10410K, committed 10428K, reserved 1048576K
GC Heap History (10 events):
Event: 43.564 GC heap before
{Heap before GC invocations=22 (full 3):
 PSYoungGen      total 234496K, used 234486K [0x00000000d5580000, 0x00000000e6200000, 0x0000000100000000)
  eden space 204800K, 100% used [0x00000000d5580000,0x00000000e1d80000,0x00000000e1d80000)
  from space 29696K, 99% used [0x00000000e3f00000,0x00000000e5bfdad8,0x00000000e5c00000)
  to   space 34304K, 0% used [0x00000000e1d80000,0x00000000e1d80000,0x00000000e3f00000)
 ParOldGen       total 170496K, used 54594K [0x0000000080000000, 0x000000008a680000, 0x00000000d5580000)
  object space 170496K, 32% used [0x0000000080000000,0x00000000835508b0,0x000000008a680000)
 Metaspace       used 63042K, capacity 67744K, committed 67860K, reserved 1107968K
  class space    used 8454K, capacity 9522K, committed 9532K, reserved 1048576K
Event: 43.600 GC heap after
Heap after GC invocations=22 (full 3):
 PSYoungGen      total 239104K, used 34286K [0x00000000d5580000, 0x00000000e9a80000, 0x0000000100000000)
  eden space 204800K, 0% used [0x00000000d5580000,0x00000000d5580000,0x00000000e1d80000)
  from space 34304K, 99% used [0x00000000e1d80000,0x00000000e3efb868,0x00000000e3f00000)
  to   space 42496K, 0% used [0x00000000e7100000,0x00000000e7100000,0x00000000e9a80000)
 ParOldGen       total 170496K, used 61796K [0x0000000080000000, 0x000000008a680000, 0x00000000d5580000)
  object space 170496K, 36% used [0x0000000080000000,0x0000000083c591b8,0x000000008a680000)
 Metaspace       used 63042K, capacity 67744K, committed 67860K, reserved 1107968K
  class space    used 8454K, capacity 9522K, committed 9532K, reserved 1048576K
}
Event: 51.035 GC heap before
{Heap before GC invocations=23 (full 3):
 PSYoungGen      total 239104K, used 239086K [0x00000000d5580000, 0x00000000e9a80000, 0x0000000100000000)
  eden space 204800K, 100% used [0x00000000d5580000,0x00000000e1d80000,0x00000000e1d80000)
  from space 34304K, 99% used [0x00000000e1d80000,0x00000000e3efb868,0x00000000e3f00000)
  to   space 42496K, 0% used [0x00000000e7100000,0x00000000e7100000,0x00000000e9a80000)
 ParOldGen       total 170496K, used 61796K [0x0000000080000000, 0x000000008a680000, 0x00000000d5580000)
  object space 170496K, 36% used [0x0000000080000000,0x0000000083c591b8,0x000000008a680000)
 Metaspace       used 63335K, capacity 68140K, committed 68244K, reserved 1107968K
  class space    used 8484K, capacity 9556K, committed 9660K, reserved 1048576K
Event: 51.070 GC heap after
Heap after GC invocations=23 (full 3):
 PSYoungGen      total 283648K, used 42478K [0x00000000d5580000, 0x00000000ea300000, 0x0000000100000000)
  eden space 241152K, 0% used [0x00000000d5580000,0x00000000d5580000,0x00000000e4100000)
  from space 42496K, 99% used [0x00000000e7100000,0x00000000e9a7b8c8,0x00000000e9a80000)
  to   space 49152K, 0% used [0x00000000e4100000,0x00000000e4100000,0x00000000e7100000)
 ParOldGen       total 170496K, used 62189K [0x0000000080000000, 0x000000008a680000, 0x00000000d5580000)
  object space 170496K, 36% used [0x0000000080000000,0x0000000083cbb7b0,0x000000008a680000)
 Metaspace       used 63335K, capacity 68140K, committed 68244K, reserved 1107968K
  class space    used 8484K, capacity 9556K, committed 9660K, reserved 1048576K
}
Event: 1192.743 GC heap before
{Heap before GC invocations=24 (full 3):
 PSYoungGen      total 283648K, used 283630K [0x00000000d5580000, 0x00000000ea300000, 0x0000000100000000)
  eden space 241152K, 100% used [0x00000000d5580000,0x00000000e4100000,0x00000000e4100000)
  from space 42496K, 99% used [0x00000000e7100000,0x00000000e9a7b8c8,0x00000000e9a80000)
  to   space 49152K, 0% used [0x00000000e4100000,0x00000000e4100000,0x00000000e7100000)
 ParOldGen       total 170496K, used 62189K [0x0000000080000000, 0x000000008a680000, 0x00000000d5580000)
  object space 170496K, 36% used [0x0000000080000000,0x0000000083cbb7b0,0x000000008a680000)
 Metaspace       used 64489K, capacity 69584K, committed 69780K, reserved 1110016K
  class space    used 8616K, capacity 9798K, committed 9916K, reserved 1048576K
Event: 1192.778 GC heap after
Heap after GC invocations=24 (full 3):
 PSYoungGen      total 290304K, used 22472K [0x00000000d5580000, 0x00000000ec280000, 0x0000000100000000)
  eden space 241152K, 0% used [0x00000000d5580000,0x00000000d5580000,0x00000000e4100000)
  from space 49152K, 45% used [0x00000000e4100000,0x00000000e56f2038,0x00000000e7100000)
  to   space 47104K, 0% used [0x00000000e9480000,0x00000000e9480000,0x00000000ec280000)
 ParOldGen       total 170496K, used 85143K [0x0000000080000000, 0x000000008a680000, 0x00000000d5580000)
  object space 170496K, 49% used [0x0000000080000000,0x0000000085325e08,0x000000008a680000)
 Metaspace       used 64489K, capacity 69584K, committed 69780K, reserved 1110016K
  class space    used 8616K, capacity 9798K, committed 9916K, reserved 1048576K
}
Event: 1220.914 GC heap before
{Heap before GC invocations=25 (full 3):
 PSYoungGen      total 290304K, used 263624K [0x00000000d5580000, 0x00000000ec280000, 0x0000000100000000)
  eden space 241152K, 100% used [0x00000000d5580000,0x00000000e4100000,0x00000000e4100000)
  from space 49152K, 45% used [0x00000000e4100000,0x00000000e56f2038,0x00000000e7100000)
  to   space 47104K, 0% used [0x00000000e9480000,0x00000000e9480000,0x00000000ec280000)
 ParOldGen       total 170496K, used 85143K [0x0000000080000000, 0x000000008a680000, 0x00000000d5580000)
  object space 170496K, 49% used [0x0000000080000000,0x0000000085325e08,0x000000008a680000)
 Metaspace       used 65135K, capacity 70452K, committed 70548K, reserved 1110016K
  class space    used 8664K, capacity 9878K, committed 9916K, reserved 1048576K
Event: 1220.949 GC heap after
Heap after GC invocations=25 (full 3):
 PSYoungGen      total 321024K, used 40056K [0x00000000d5580000, 0x00000000ec600000, 0x0000000100000000)
  eden space 273920K, 0% used [0x00000000d5580000,0x00000000d5580000,0x00000000e6100000)
  from space 47104K, 85% used [0x00000000e9480000,0x00000000ebb9e3c0,0x00000000ec280000)
  to   space 51712K, 0% used [0x00000000e6100000,0x00000000e6100000,0x00000000e9380000)
 ParOldGen       total 170496K, used 85151K [0x0000000080000000, 0x000000008a680000, 0x00000000d5580000)
  object space 170496K, 49% used [0x0000000080000000,0x0000000085327e08,0x000000008a680000)
 Metaspace       used 65135K, capacity 70452K, committed 70548K, reserved 1110016K
  class space    used 8664K, capacity 9878K, committed 9916K, reserved 1048576K
}
Event: 1263.394 GC heap before
{Heap before GC invocations=26 (full 3):
 PSYoungGen      total 321024K, used 313976K [0x00000000d5580000, 0x00000000ec600000, 0x0000000100000000)
  eden space 273920K, 100% used [0x00000000d5580000,0x00000000e6100000,0x00000000e6100000)
  from space 47104K, 85% used [0x00000000e9480000,0x00000000ebb9e3c0,0x00000000ec280000)
  to   space 51712K, 0% used [0x00000000e6100000,0x00000000e6100000,0x00000000e9380000)
 ParOldGen       total 170496K, used 85151K [0x0000000080000000, 0x000000008a680000, 0x00000000d5580000)
  object space 170496K, 49% used [0x0000000080000000,0x0000000085327e08,0x000000008a680000)
 Metaspace       used 72054K, capacity 77474K, committed 77716K, reserved 1116160K
  class space    used 9181K, capacity 10409K, committed 10428K, reserved 1048576K
Event: 1263.432 GC heap after
Heap after GC invocations=26 (full 3):
 PSYoungGen      total 315904K, used 51710K [0x00000000d5580000, 0x00000000ecc80000, 0x0000000100000000)
  eden space 264192K, 0% used [0x00000000d5580000,0x00000000d5580000,0x00000000e5780000)
  from space 51712K, 99% used [0x00000000e6100000,0x00000000e937fa08,0x00000000e9380000)
  to   space 58368K, 0% used [0x00000000e9380000,0x00000000e9380000,0x00000000ecc80000)
 ParOldGen       total 170496K, used 86037K [0x0000000080000000, 0x000000008a680000, 0x00000000d5580000)
  object space 170496K, 50% used [0x0000000080000000,0x0000000085405468,0x000000008a680000)
 Metaspace       used 72054K, capacity 77474K, committed 77716K, reserved 1116160K
  class space    used 9181K, capacity 10409K, committed 10428K, reserved 1048576K
}

