# JRE version: Java(TM) SE Runtime Environment (8.0_66-b18) (build 1.8.0_66-b18)
# Java VM: Java HotSpot(TM) 64-Bit Server VM (25.66-b18 mixed mode windows-amd64 compressed oops)
Heap:
 PSYoungGen      total 210432K, used 94124K [0x00000000eab00000, 0x00000000f8800000, 0x0000000100000000)
  eden space 196608K, 40% used [0x00000000eab00000,0x00000000ef9733b8,0x00000000f6b00000)
  from space 13824K, 99% used [0x00000000f7a00000,0x00000000f8778040,0x00000000f8780000)
  to   space 14848K, 0% used [0x00000000f6b00000,0x00000000f6b00000,0x00000000f7980000)
 ParOldGen       total 119296K, used 58214K [0x00000000c0000000, 0x00000000c7480000, 0x00000000eab00000)
  object space 119296K, 48% used [0x00000000c0000000,0x00000000c38d9848,0x00000000c7480000)
 Metaspace       used 62237K, capacity 65544K, committed 65752K, reserved 1105920K
  class space    used 8413K, capacity 9130K, committed 9216K, reserved 1048576K
GC Heap History (10 events):
Event: 39.778 GC heap before
{Heap before GC invocations=13 (full 2):
 PSYoungGen      total 138240K, used 135179K [0x00000000eab00000, 0x00000000f4100000, 0x0000000100000000)
  eden space 126464K, 100% used [0x00000000eab00000,0x00000000f2680000,0x00000000f2680000)
  from space 11776K, 74% used [0x00000000f3280000,0x00000000f3b02ec0,0x00000000f3e00000)
  to   space 12288K, 0% used [0x00000000f2680000,0x00000000f2680000,0x00000000f3280000)
 ParOldGen       total 70656K, used 14840K [0x00000000c0000000, 0x00000000c4500000, 0x00000000eab00000)
  object space 70656K, 21% used [0x00000000c0000000,0x00000000c0e7e278,0x00000000c4500000)
 Metaspace       used 44566K, capacity 45668K, committed 45784K, reserved 1089536K
  class space    used 6028K, capacity 6340K, committed 6400K, reserved 1048576K
Event: 39.789 GC heap after
Heap after GC invocations=13 (full 2):
 PSYoungGen      total 138752K, used 12263K [0x00000000eab00000, 0x00000000f8780000, 0x0000000100000000)
  eden space 126464K, 0% used [0x00000000eab00000,0x00000000eab00000,0x00000000f2680000)
  from space 12288K, 99% used [0x00000000f2680000,0x00000000f3279df0,0x00000000f3280000)
  to   space 13824K, 0% used [0x00000000f7a00000,0x00000000f7a00000,0x00000000f8780000)
 ParOldGen       total 70656K, used 15679K [0x00000000c0000000, 0x00000000c4500000, 0x00000000eab00000)
  object space 70656K, 22% used [0x00000000c0000000,0x00000000c0f4ff50,0x00000000c4500000)
 Metaspace       used 44566K, capacity 45668K, committed 45784K, reserved 1089536K
  class space    used 6028K, capacity 6340K, committed 6400K, reserved 1048576K
}
Event: 44.283 GC heap before
{Heap before GC invocations=14 (full 2):
 PSYoungGen      total 138752K, used 138727K [0x00000000eab00000, 0x00000000f8780000, 0x0000000100000000)
  eden space 126464K, 100% used [0x00000000eab00000,0x00000000f2680000,0x00000000f2680000)
  from space 12288K, 99% used [0x00000000f2680000,0x00000000f3279df0,0x00000000f3280000)
  to   space 13824K, 0% used [0x00000000f7a00000,0x00000000f7a00000,0x00000000f8780000)
 ParOldGen       total 70656K, used 15679K [0x00000000c0000000, 0x00000000c4500000, 0x00000000eab00000)
  object space 70656K, 22% used [0x00000000c0000000,0x00000000c0f4ff50,0x00000000c4500000)
 Metaspace       used 50623K, capacity 52420K, committed 52696K, reserved 1095680K
  class space    used 6947K, capacity 7360K, committed 7424K, reserved 1048576K
Event: 44.308 GC heap after
Heap after GC invocations=14 (full 2):
 PSYoungGen      total 210432K, used 12558K [0x00000000eab00000, 0x00000000f8800000, 0x0000000100000000)
  eden space 196608K, 0% used [0x00000000eab00000,0x00000000eab00000,0x00000000f6b00000)
  from space 13824K, 90% used [0x00000000f7a00000,0x00000000f8643a40,0x00000000f8780000)
  to   space 14848K, 0% used [0x00000000f6b00000,0x00000000f6b00000,0x00000000f7980000)
 ParOldGen       total 70656K, used 23415K [0x00000000c0000000, 0x00000000c4500000, 0x00000000eab00000)
  object space 70656K, 33% used [0x00000000c0000000,0x00000000c16ddee0,0x00000000c4500000)
 Metaspace       used 50623K, capacity 52420K, committed 52696K, reserved 1095680K
  class space    used 6947K, capacity 7360K, committed 7424K, reserved 1048576K
}
Event: 58.249 GC heap before
{Heap before GC invocations=15 (full 2):
 PSYoungGen      total 210432K, used 194632K [0x00000000eab00000, 0x00000000f8800000, 0x0000000100000000)
  eden space 196608K, 92% used [0x00000000eab00000,0x00000000f5cce828,0x00000000f6b00000)
  from space 13824K, 90% used [0x00000000f7a00000,0x00000000f8643a40,0x00000000f8780000)
  to   space 14848K, 0% used [0x00000000f6b00000,0x00000000f6b00000,0x00000000f7980000)
 ParOldGen       total 70656K, used 23415K [0x00000000c0000000, 0x00000000c4500000, 0x00000000eab00000)
  object space 70656K, 33% used [0x00000000c0000000,0x00000000c16ddee0,0x00000000c4500000)
 Metaspace       used 56633K, capacity 58944K, committed 59028K, reserved 1099776K
  class space    used 7685K, capacity 8177K, committed 8192K, reserved 1048576K
Event: 58.276 GC heap after
Heap after GC invocations=15 (full 2):
 PSYoungGen      total 211456K, used 14830K [0x00000000eab00000, 0x00000000f8800000, 0x0000000100000000)
  eden space 196608K, 0% used [0x00000000eab00000,0x00000000eab00000,0x00000000f6b00000)
  from space 14848K, 99% used [0x00000000f6b00000,0x00000000f797ba60,0x00000000f7980000)
  to   space 13824K, 0% used [0x00000000f7a00000,0x00000000f7a00000,0x00000000f8780000)
 ParOldGen       total 70656K, used 38904K [0x00000000c0000000, 0x00000000c4500000, 0x00000000eab00000)
  object space 70656K, 55% used [0x00000000c0000000,0x00000000c25fe0b0,0x00000000c4500000)
 Metaspace       used 56633K, capacity 58944K, committed 59028K, reserved 1099776K
  class space    used 7685K, capacity 8177K, committed 8192K, reserved 1048576K
}
Event: 58.276 GC heap before
{Heap before GC invocations=16 (full 3):
 PSYoungGen      total 211456K, used 14830K [0x00000000eab00000, 0x00000000f8800000, 0x0000000100000000)
  eden space 196608K, 0% used [0x00000000eab00000,0x00000000eab00000,0x00000000f6b00000)
  from space 14848K, 99% used [0x00000000f6b00000,0x00000000f797ba60,0x00000000f7980000)
  to   space 13824K, 0% used [0x00000000f7a00000,0x00000000f7a00000,0x00000000f8780000)
 ParOldGen       total 70656K, used 38904K [0x00000000c0000000, 0x00000000c4500000, 0x00000000eab00000)
  object space 70656K, 55% used [0x00000000c0000000,0x00000000c25fe0b0,0x00000000c4500000)
 Metaspace       used 56633K, capacity 58944K, committed 59028K, reserved 1099776K
  class space    used 7685K, capacity 8177K, committed 8192K, reserved 1048576K
Event: 58.515 GC heap after
Heap after GC invocations=16 (full 3):
 PSYoungGen      total 211456K, used 0K [0x00000000eab00000, 0x00000000f8800000, 0x0000000100000000)
  eden space 196608K, 0% used [0x00000000eab00000,0x00000000eab00000,0x00000000f6b00000)
  from space 14848K, 0% used [0x00000000f6b00000,0x00000000f6b00000,0x00000000f7980000)
  to   space 13824K, 0% used [0x00000000f7a00000,0x00000000f7a00000,0x00000000f8780000)
 ParOldGen       total 119296K, used 51961K [0x00000000c0000000, 0x00000000c7480000, 0x00000000eab00000)
  object space 119296K, 43% used [0x00000000c0000000,0x00000000c32be6b0,0x00000000c7480000)
 Metaspace       used 56633K, capacity 58944K, committed 59028K, reserved 1099776K
  class space    used 7685K, capacity 8177K, committed 8192K, reserved 1048576K
}
Event: 80.800 GC heap before
{Heap before GC invocations=17 (full 3):
 PSYoungGen      total 211456K, used 196608K [0x00000000eab00000, 0x00000000f8800000, 0x0000000100000000)
  eden space 196608K, 100% used [0x00000000eab00000,0x00000000f6b00000,0x00000000f6b00000)
  from space 14848K, 0% used [0x00000000f6b00000,0x00000000f6b00000,0x00000000f7980000)
  to   space 13824K, 0% used [0x00000000f7a00000,0x00000000f7a00000,0x00000000f8780000)
 ParOldGen       total 119296K, used 51961K [0x00000000c0000000, 0x00000000c7480000, 0x00000000eab00000)
  object space 119296K, 43% used [0x00000000c0000000,0x00000000c32be6b0,0x00000000c7480000)
 Metaspace       used 61854K, capacity 64994K, committed 65240K, reserved 1105920K
  class space    used 8393K, capacity 9095K, committed 9216K, reserved 1048576K
Event: 80.816 GC heap after
Heap after GC invocations=17 (full 3):
 PSYoungGen      total 210432K, used 13792K [0x00000000eab00000, 0x00000000f8800000, 0x0000000100000000)
  eden space 196608K, 0% used [0x00000000eab00000,0x00000000eab00000,0x00000000f6b00000)
  from space 13824K, 99% used [0x00000000f7a00000,0x00000000f8778040,0x00000000f8780000)
  to   space 14848K, 0% used [0x00000000f6b00000,0x00000000f6b00000,0x00000000f7980000)
 ParOldGen       total 119296K, used 58214K [0x00000000c0000000, 0x00000000c7480000, 0x00000000eab00000)
  object space 119296K, 48% used [0x00000000c0000000,0x00000000c38d9848,0x00000000c7480000)
 Metaspace       used 61854K, capacity 64994K, committed 65240K, reserved 1105920K
  class space    used 8393K, capacity 9095K, committed 9216K, reserved 1048576K
}

