# JRE version: OpenJDK Runtime Environment (8.0_152-b01) (build 1.8.0_152-release-915-b01)
# Java VM: OpenJDK 64-Bit Server VM (25.152-b01 mixed mode windows-amd64 compressed oops)
Heap:
 PSYoungGen      total 587264K, used 360084K [0x00000000d5580000, 0x0000000100000000, 0x0000000100000000)
  eden space 491008K, 55% used [0x00000000d5580000,0x00000000e5f56f48,0x00000000f3500000)
  from space 96256K, 91% used [0x00000000f3500000,0x00000000f8ace388,0x00000000f9300000)
  to   space 111104K, 0% used [0x00000000f9380000,0x00000000f9380000,0x0000000100000000)
 ParOldGen       total 546816K, used 331867K [0x0000000080000000, 0x00000000a1600000, 0x00000000d5580000)
  object space 546816K, 60% used [0x0000000080000000,0x0000000094416c98,0x00000000a1600000)
 Metaspace       used 120740K, capacity 128702K, committed 128916K, reserved 1161216K
  class space    used 14642K, capacity 16445K, committed 16572K, reserved 1048576K
GC Heap History (10 events):
Event: 2704.844 GC heap before
{Heap before GC invocations=43 (full 6):
 PSYoungGen      total 571904K, used 461104K [0x00000000d5580000, 0x00000000ff480000, 0x0000000100000000)
  eden space 458752K, 100% used [0x00000000d5580000,0x00000000f1580000,0x00000000f1580000)
  from space 113152K, 2% used [0x00000000f8100000,0x00000000f834c030,0x00000000fef80000)
  to   space 110080K, 0% used [0x00000000f1580000,0x00000000f1580000,0x00000000f8100000)
 ParOldGen       total 546816K, used 304567K [0x0000000080000000, 0x00000000a1600000, 0x00000000d5580000)
  object space 546816K, 55% used [0x0000000080000000,0x000000009296dc28,0x00000000a1600000)
 Metaspace       used 116853K, capacity 124390K, committed 124564K, reserved 1157120K
  class space    used 14293K, capacity 15979K, committed 16060K, reserved 1048576K
Event: 2704.870 GC heap after
Heap after GC invocations=43 (full 6):
 PSYoungGen      total 568832K, used 31034K [0x00000000d5580000, 0x00000000fee00000, 0x0000000100000000)
  eden space 458752K, 0% used [0x00000000d5580000,0x00000000d5580000,0x00000000f1580000)
  from space 110080K, 28% used [0x00000000f1580000,0x00000000f33ceb40,0x00000000f8100000)
  to   space 102400K, 0% used [0x00000000f8a00000,0x00000000f8a00000,0x00000000fee00000)
 ParOldGen       total 546816K, used 304575K [0x0000000080000000, 0x00000000a1600000, 0x00000000d5580000)
  object space 546816K, 55% used [0x0000000080000000,0x000000009296fc28,0x00000000a1600000)
 Metaspace       used 116853K, capacity 124390K, committed 124564K, reserved 1157120K
  class space    used 14293K, capacity 15979K, committed 16060K, reserved 1048576K
}
Event: 2783.989 GC heap before
{Heap before GC invocations=44 (full 6):
 PSYoungGen      total 568832K, used 489786K [0x00000000d5580000, 0x00000000fee00000, 0x0000000100000000)
  eden space 458752K, 100% used [0x00000000d5580000,0x00000000f1580000,0x00000000f1580000)
  from space 110080K, 28% used [0x00000000f1580000,0x00000000f33ceb40,0x00000000f8100000)
  to   space 102400K, 0% used [0x00000000f8a00000,0x00000000f8a00000,0x00000000fee00000)
 ParOldGen       total 546816K, used 304575K [0x0000000080000000, 0x00000000a1600000, 0x00000000d5580000)
  object space 546816K, 55% used [0x0000000080000000,0x000000009296fc28,0x00000000a1600000)
 Metaspace       used 117296K, capacity 124894K, committed 125204K, reserved 1159168K
  class space    used 14323K, capacity 16067K, committed 16188K, reserved 1048576K
Event: 2784.074 GC heap after
Heap after GC invocations=44 (full 6):
 PSYoungGen      total 574976K, used 56374K [0x00000000d5580000, 0x00000000ffe80000, 0x0000000100000000)
  eden space 472576K, 0% used [0x00000000d5580000,0x00000000d5580000,0x00000000f2300000)
  from space 102400K, 55% used [0x00000000f8a00000,0x00000000fc10d800,0x00000000fee00000)
  to   space 105472K, 0% used [0x00000000f2300000,0x00000000f2300000,0x00000000f8a00000)
 ParOldGen       total 546816K, used 305015K [0x0000000080000000, 0x00000000a1600000, 0x00000000d5580000)
  object space 546816K, 55% used [0x0000000080000000,0x00000000929ddcd0,0x00000000a1600000)
 Metaspace       used 117296K, capacity 124894K, committed 125204K, reserved 1159168K
  class space    used 14323K, capacity 16067K, committed 16188K, reserved 1048576K
}
Event: 2880.848 GC heap before
{Heap before GC invocations=45 (full 6):
 PSYoungGen      total 574976K, used 528950K [0x00000000d5580000, 0x00000000ffe80000, 0x0000000100000000)
  eden space 472576K, 100% used [0x00000000d5580000,0x00000000f2300000,0x00000000f2300000)
  from space 102400K, 55% used [0x00000000f8a00000,0x00000000fc10d800,0x00000000fee00000)
  to   space 105472K, 0% used [0x00000000f2300000,0x00000000f2300000,0x00000000f8a00000)
 ParOldGen       total 546816K, used 305015K [0x0000000080000000, 0x00000000a1600000, 0x00000000d5580000)
  object space 546816K, 55% used [0x0000000080000000,0x00000000929ddcd0,0x00000000a1600000)
 Metaspace       used 117350K, capacity 125044K, committed 125204K, reserved 1159168K
  class space    used 14326K, capacity 16070K, committed 16188K, reserved 1048576K
Event: 2880.875 GC heap after
Heap after GC invocations=45 (full 6):
 PSYoungGen      total 578048K, used 6480K [0x00000000d5580000, 0x00000000ffd00000, 0x0000000100000000)
  eden space 472576K, 0% used [0x00000000d5580000,0x00000000d5580000,0x00000000f2300000)
  from space 105472K, 6% used [0x00000000f2300000,0x00000000f2954030,0x00000000f8a00000)
  to   space 102400K, 0% used [0x00000000f9900000,0x00000000f9900000,0x00000000ffd00000)
 ParOldGen       total 546816K, used 329982K [0x0000000080000000, 0x00000000a1600000, 0x00000000d5580000)
  object space 546816K, 60% used [0x0000000080000000,0x000000009423fbd8,0x00000000a1600000)
 Metaspace       used 117350K, capacity 125044K, committed 125204K, reserved 1159168K
  class space    used 14326K, capacity 16070K, committed 16188K, reserved 1048576K
}
Event: 4559.797 GC heap before
{Heap before GC invocations=46 (full 6):
 PSYoungGen      total 578048K, used 479056K [0x00000000d5580000, 0x00000000ffd00000, 0x0000000100000000)
  eden space 472576K, 100% used [0x00000000d5580000,0x00000000f2300000,0x00000000f2300000)
  from space 105472K, 6% used [0x00000000f2300000,0x00000000f2954030,0x00000000f8a00000)
  to   space 102400K, 0% used [0x00000000f9900000,0x00000000f9900000,0x00000000ffd00000)
 ParOldGen       total 546816K, used 329982K [0x0000000080000000, 0x00000000a1600000, 0x00000000d5580000)
  object space 546816K, 60% used [0x0000000080000000,0x000000009423fbd8,0x00000000a1600000)
 Metaspace       used 117784K, capacity 125704K, committed 125972K, reserved 1159168K
  class space    used 14373K, capacity 16174K, committed 16188K, reserved 1048576K
Event: 4559.820 GC heap after
Heap after GC invocations=46 (full 6):
 PSYoungGen      total 581120K, used 23360K [0x00000000d5580000, 0x00000000ff100000, 0x0000000100000000)
  eden space 491008K, 0% used [0x00000000d5580000,0x00000000d5580000,0x00000000f3500000)
  from space 90112K, 25% used [0x00000000f9900000,0x00000000fafd0080,0x00000000ff100000)
  to   space 96256K, 0% used [0x00000000f3500000,0x00000000f3500000,0x00000000f9300000)
 ParOldGen       total 546816K, used 331859K [0x0000000080000000, 0x00000000a1600000, 0x00000000d5580000)
  object space 546816K, 60% used [0x0000000080000000,0x0000000094414c98,0x00000000a1600000)
 Metaspace       used 117784K, capacity 125704K, committed 125972K, reserved 1159168K
  class space    used 14373K, capacity 16174K, committed 16188K, reserved 1048576K
}
Event: 4615.876 GC heap before
{Heap before GC invocations=47 (full 6):
 PSYoungGen      total 581120K, used 514368K [0x00000000d5580000, 0x00000000ff100000, 0x0000000100000000)
  eden space 491008K, 100% used [0x00000000d5580000,0x00000000f3500000,0x00000000f3500000)
  from space 90112K, 25% used [0x00000000f9900000,0x00000000fafd0080,0x00000000ff100000)
  to   space 96256K, 0% used [0x00000000f3500000,0x00000000f3500000,0x00000000f9300000)
 ParOldGen       total 546816K, used 331859K [0x0000000080000000, 0x00000000a1600000, 0x00000000d5580000)
  object space 546816K, 60% used [0x0000000080000000,0x0000000094414c98,0x00000000a1600000)
 Metaspace       used 118228K, capacity 126176K, committed 126356K, reserved 1159168K
  class space    used 14417K, capacity 16248K, committed 16316K, reserved 1048576K
Event: 4615.938 GC heap after
Heap after GC invocations=47 (full 6):
 PSYoungGen      total 587264K, used 87864K [0x00000000d5580000, 0x0000000100000000, 0x0000000100000000)
  eden space 491008K, 0% used [0x00000000d5580000,0x00000000d5580000,0x00000000f3500000)
  from space 96256K, 91% used [0x00000000f3500000,0x00000000f8ace388,0x00000000f9300000)
  to   space 111104K, 0% used [0x00000000f9380000,0x00000000f9380000,0x0000000100000000)
 ParOldGen       total 546816K, used 331867K [0x0000000080000000, 0x00000000a1600000, 0x00000000d5580000)
  object space 546816K, 60% used [0x0000000080000000,0x0000000094416c98,0x00000000a1600000)
 Metaspace       used 118228K, capacity 126176K, committed 126356K, reserved 1159168K
  class space    used 14417K, capacity 16248K, committed 16316K, reserved 1048576K
}

