# JRE version: OpenJDK Runtime Environment (8.0_152-b01) (build 1.8.0_152-release-915-b01)
# Java VM: OpenJDK 64-Bit Server VM (25.152-b01 mixed mode windows-amd64 compressed oops)
Heap:
 PSYoungGen      total 198656K, used 113491K [0x00000000d5580000, 0x00000000e6300000, 0x0000000100000000)
  eden space 169472K, 66% used [0x00000000d5580000,0x00000000dc454da8,0x00000000dfb00000)
  from space 29184K, 0% used [0x00000000dfb00000,0x00000000dfb00000,0x00000000e1780000)
  to   space 30208K, 0% used [0x00000000e4580000,0x00000000e4580000,0x00000000e6300000)
 ParOldGen       total 175616K, used 52936K [0x0000000080000000, 0x000000008ab80000, 0x00000000d5580000)
  object space 175616K, 30% used [0x0000000080000000,0x00000000833b2300,0x000000008ab80000)
 Metaspace       used 60133K, capacity 63105K, committed 63320K, reserved 1103872K
  class space    used 7804K, capacity 8536K, committed 8576K, reserved 1048576K
GC Heap History (10 events):
Event: 10.963 GC heap before
{Heap before GC invocations=12 (full 2):
 PSYoungGen      total 133120K, used 133103K [0x00000000d5580000, 0x00000000dfe00000, 0x0000000100000000)
  eden space 120832K, 100% used [0x00000000d5580000,0x00000000dcb80000,0x00000000dcb80000)
  from space 12288K, 99% used [0x00000000dcb80000,0x00000000dd77bff0,0x00000000dd780000)
  to   space 13824K, 0% used [0x00000000df080000,0x00000000df080000,0x00000000dfe00000)
 ParOldGen       total 108544K, used 17280K [0x0000000080000000, 0x0000000086a00000, 0x00000000d5580000)
  object space 108544K, 15% used [0x0000000080000000,0x00000000810e0330,0x0000000086a00000)
 Metaspace       used 50218K, capacity 51934K, committed 52056K, reserved 1093632K
  class space    used 6790K, capacity 7238K, committed 7296K, reserved 1048576K
Event: 11.001 GC heap after
Heap after GC invocations=12 (full 2):
 PSYoungGen      total 155648K, used 13795K [0x00000000d5580000, 0x00000000e0980000, 0x0000000100000000)
  eden space 141824K, 0% used [0x00000000d5580000,0x00000000d5580000,0x00000000de000000)
  from space 13824K, 99% used [0x00000000df080000,0x00000000dfdf8c98,0x00000000dfe00000)
  to   space 16896K, 0% used [0x00000000de000000,0x00000000de000000,0x00000000df080000)
 ParOldGen       total 108544K, used 21504K [0x0000000080000000, 0x0000000086a00000, 0x00000000d5580000)
  object space 108544K, 19% used [0x0000000080000000,0x0000000081500328,0x0000000086a00000)
 Metaspace       used 50218K, capacity 51934K, committed 52056K, reserved 1093632K
  class space    used 6790K, capacity 7238K, committed 7296K, reserved 1048576K
}
Event: 13.855 GC heap before
{Heap before GC invocations=13 (full 2):
 PSYoungGen      total 155648K, used 155619K [0x00000000d5580000, 0x00000000e0980000, 0x0000000100000000)
  eden space 141824K, 100% used [0x00000000d5580000,0x00000000de000000,0x00000000de000000)
  from space 13824K, 99% used [0x00000000df080000,0x00000000dfdf8c98,0x00000000dfe00000)
  to   space 16896K, 0% used [0x00000000de000000,0x00000000de000000,0x00000000df080000)
 ParOldGen       total 108544K, used 21504K [0x0000000080000000, 0x0000000086a00000, 0x00000000d5580000)
  object space 108544K, 19% used [0x0000000080000000,0x0000000081500328,0x0000000086a00000)
 Metaspace       used 53439K, capacity 55910K, committed 56280K, reserved 1097728K
  class space    used 7135K, capacity 7816K, committed 7936K, reserved 1048576K
Event: 13.885 GC heap after
Heap after GC invocations=13 (full 2):
 PSYoungGen      total 158720K, used 16864K [0x00000000d5580000, 0x00000000e2e00000, 0x0000000100000000)
  eden space 141824K, 0% used [0x00000000d5580000,0x00000000d5580000,0x00000000de000000)
  from space 16896K, 99% used [0x00000000de000000,0x00000000df078210,0x00000000df080000)
  to   space 23040K, 0% used [0x00000000e1780000,0x00000000e1780000,0x00000000e2e00000)
 ParOldGen       total 108544K, used 33273K [0x0000000080000000, 0x0000000086a00000, 0x00000000d5580000)
  object space 108544K, 30% used [0x0000000080000000,0x000000008207e7d0,0x0000000086a00000)
 Metaspace       used 53439K, capacity 55910K, committed 56280K, reserved 1097728K
  class space    used 7135K, capacity 7816K, committed 7936K, reserved 1048576K
}
Event: 26.170 GC heap before
{Heap before GC invocations=14 (full 2):
 PSYoungGen      total 158720K, used 158688K [0x00000000d5580000, 0x00000000e2e00000, 0x0000000100000000)
  eden space 141824K, 100% used [0x00000000d5580000,0x00000000de000000,0x00000000de000000)
  from space 16896K, 99% used [0x00000000de000000,0x00000000df078210,0x00000000df080000)
  to   space 23040K, 0% used [0x00000000e1780000,0x00000000e1780000,0x00000000e2e00000)
 ParOldGen       total 108544K, used 33273K [0x0000000080000000, 0x0000000086a00000, 0x00000000d5580000)
  object space 108544K, 30% used [0x0000000080000000,0x000000008207e7d0,0x0000000086a00000)
 Metaspace       used 56100K, capacity 58974K, committed 59028K, reserved 1099776K
  class space    used 7473K, capacity 8188K, committed 8192K, reserved 1048576K
Event: 26.196 GC heap after
Heap after GC invocations=14 (full 2):
 PSYoungGen      total 192512K, used 23008K [0x00000000d5580000, 0x00000000e3580000, 0x0000000100000000)
  eden space 169472K, 0% used [0x00000000d5580000,0x00000000d5580000,0x00000000dfb00000)
  from space 23040K, 99% used [0x00000000e1780000,0x00000000e2df8220,0x00000000e2e00000)
  to   space 29184K, 0% used [0x00000000dfb00000,0x00000000dfb00000,0x00000000e1780000)
 ParOldGen       total 108544K, used 40864K [0x0000000080000000, 0x0000000086a00000, 0x00000000d5580000)
  object space 108544K, 37% used [0x0000000080000000,0x00000000827e8218,0x0000000086a00000)
 Metaspace       used 56100K, capacity 58974K, committed 59028K, reserved 1099776K
  class space    used 7473K, capacity 8188K, committed 8192K, reserved 1048576K
}
Event: 26.762 GC heap before
{Heap before GC invocations=15 (full 2):
 PSYoungGen      total 192512K, used 37813K [0x00000000d5580000, 0x00000000e3580000, 0x0000000100000000)
  eden space 169472K, 8% used [0x00000000d5580000,0x00000000d63f5470,0x00000000dfb00000)
  from space 23040K, 99% used [0x00000000e1780000,0x00000000e2df8220,0x00000000e2e00000)
  to   space 29184K, 0% used [0x00000000dfb00000,0x00000000dfb00000,0x00000000e1780000)
 ParOldGen       total 108544K, used 40864K [0x0000000080000000, 0x0000000086a00000, 0x00000000d5580000)
  object space 108544K, 37% used [0x0000000080000000,0x00000000827e8218,0x0000000086a00000)
 Metaspace       used 56113K, capacity 58999K, committed 59028K, reserved 1099776K
  class space    used 7475K, capacity 8192K, committed 8192K, reserved 1048576K
Event: 26.781 GC heap after
Heap after GC invocations=15 (full 2):
 PSYoungGen      total 198656K, used 20784K [0x00000000d5580000, 0x00000000e6300000, 0x0000000100000000)
  eden space 169472K, 0% used [0x00000000d5580000,0x00000000d5580000,0x00000000dfb00000)
  from space 29184K, 71% used [0x00000000dfb00000,0x00000000e0f4c220,0x00000000e1780000)
  to   space 30208K, 0% used [0x00000000e4580000,0x00000000e4580000,0x00000000e6300000)
 ParOldGen       total 108544K, used 43824K [0x0000000080000000, 0x0000000086a00000, 0x00000000d5580000)
  object space 108544K, 40% used [0x0000000080000000,0x0000000082acc218,0x0000000086a00000)
 Metaspace       used 56113K, capacity 58999K, committed 59028K, reserved 1099776K
  class space    used 7475K, capacity 8192K, committed 8192K, reserved 1048576K
}
Event: 26.781 GC heap before
{Heap before GC invocations=16 (full 3):
 PSYoungGen      total 198656K, used 20784K [0x00000000d5580000, 0x00000000e6300000, 0x0000000100000000)
  eden space 169472K, 0% used [0x00000000d5580000,0x00000000d5580000,0x00000000dfb00000)
  from space 29184K, 71% used [0x00000000dfb00000,0x00000000e0f4c220,0x00000000e1780000)
  to   space 30208K, 0% used [0x00000000e4580000,0x00000000e4580000,0x00000000e6300000)
 ParOldGen       total 108544K, used 43824K [0x0000000080000000, 0x0000000086a00000, 0x00000000d5580000)
  object space 108544K, 40% used [0x0000000080000000,0x0000000082acc218,0x0000000086a00000)
 Metaspace       used 56113K, capacity 58999K, committed 59028K, reserved 1099776K
  class space    used 7475K, capacity 8192K, committed 8192K, reserved 1048576K
Event: 26.988 GC heap after
Heap after GC invocations=16 (full 3):
 PSYoungGen      total 198656K, used 0K [0x00000000d5580000, 0x00000000e6300000, 0x0000000100000000)
  eden space 169472K, 0% used [0x00000000d5580000,0x00000000d5580000,0x00000000dfb00000)
  from space 29184K, 0% used [0x00000000dfb00000,0x00000000dfb00000,0x00000000e1780000)
  to   space 30208K, 0% used [0x00000000e4580000,0x00000000e4580000,0x00000000e6300000)
 ParOldGen       total 175616K, used 52936K [0x0000000080000000, 0x000000008ab80000, 0x00000000d5580000)
  object space 175616K, 30% used [0x0000000080000000,0x00000000833b2300,0x000000008ab80000)
 Metaspace       used 56104K, capacity 58973K, committed 59028K, reserved 1099776K
  class space    used 7472K, capacity 8187K, committed 8192K, reserved 1048576K
}

