# JRE version: OpenJDK Runtime Environment (8.0_152-b01) (build 1.8.0_152-release-915-b01)
# Java VM: OpenJDK 64-Bit Server VM (25.152-b01 mixed mode windows-amd64 compressed oops)
Heap:
 PSYoungGen      total 152064K, used 124416K [0x00000000d5580000, 0x00000000e0c00000, 0x0000000100000000)
  eden space 124416K, 100% used [0x00000000d5580000,0x00000000dcf00000,0x00000000dcf00000)
  from space 27648K, 0% used [0x00000000dcf00000,0x00000000dcf00000,0x00000000dea00000)
  to   space 20992K, 0% used [0x00000000dea00000,0x00000000dea00000,0x00000000dfe80000)
 ParOldGen       total 61440K, used 61398K [0x0000000080000000, 0x0000000083c00000, 0x00000000d5580000)
  object space 61440K, 99% used [0x0000000080000000,0x0000000083bf5958,0x0000000083c00000)
 Metaspace       used 61082K, capacity 65090K, committed 65240K, reserved 1105920K
  class space    used 8225K, capacity 9211K, committed 9216K, reserved 1048576K
GC Heap History (10 events):
Event: 29.269 GC heap after
Heap after GC invocations=19 (full 2):
 PSYoungGen      total 115712K, used 15861K [0x00000000d5580000, 0x00000000dfe80000, 0x0000000100000000)
  eden space 99840K, 0% used [0x00000000d5580000,0x00000000d5580000,0x00000000db700000)
  from space 15872K, 99% used [0x00000000db700000,0x00000000dc67d4e0,0x00000000dc680000)
  to   space 20992K, 0% used [0x00000000dea00000,0x00000000dea00000,0x00000000dfe80000)
 ParOldGen       total 61440K, used 24126K [0x0000000080000000, 0x0000000083c00000, 0x00000000d5580000)
  object space 61440K, 39% used [0x0000000080000000,0x000000008178fbd0,0x0000000083c00000)
 Metaspace       used 53680K, capacity 55998K, committed 56280K, reserved 1097728K
  class space    used 7216K, capacity 7881K, committed 7936K, reserved 1048576K
}
Event: 31.069 GC heap before
{Heap before GC invocations=20 (full 2):
 PSYoungGen      total 115712K, used 115701K [0x00000000d5580000, 0x00000000dfe80000, 0x0000000100000000)
  eden space 99840K, 100% used [0x00000000d5580000,0x00000000db700000,0x00000000db700000)
  from space 15872K, 99% used [0x00000000db700000,0x00000000dc67d4e0,0x00000000dc680000)
  to   space 20992K, 0% used [0x00000000dea00000,0x00000000dea00000,0x00000000dfe80000)
 ParOldGen       total 61440K, used 24126K [0x0000000080000000, 0x0000000083c00000, 0x00000000d5580000)
  object space 61440K, 39% used [0x0000000080000000,0x000000008178fbd0,0x0000000083c00000)
 Metaspace       used 56067K, capacity 58886K, committed 59028K, reserved 1099776K
  class space    used 7575K, capacity 8340K, committed 8448K, reserved 1048576K
Event: 31.112 GC heap after
Heap after GC invocations=20 (full 2):
 PSYoungGen      total 145408K, used 20960K [0x00000000d5580000, 0x00000000e0c00000, 0x0000000100000000)
  eden space 124416K, 0% used [0x00000000d5580000,0x00000000d5580000,0x00000000dcf00000)
  from space 20992K, 99% used [0x00000000dea00000,0x00000000dfe78200,0x00000000dfe80000)
  to   space 27648K, 0% used [0x00000000dcf00000,0x00000000dcf00000,0x00000000dea00000)
 ParOldGen       total 61440K, used 33790K [0x0000000080000000, 0x0000000083c00000, 0x00000000d5580000)
  object space 61440K, 54% used [0x0000000080000000,0x00000000820ffa50,0x0000000083c00000)
 Metaspace       used 56067K, capacity 58886K, committed 59028K, reserved 1099776K
  class space    used 7575K, capacity 8340K, committed 8448K, reserved 1048576K
}
Event: 31.235 GC heap before
{Heap before GC invocations=21 (full 2):
 PSYoungGen      total 145408K, used 60067K [0x00000000d5580000, 0x00000000e0c00000, 0x0000000100000000)
  eden space 124416K, 31% used [0x00000000d5580000,0x00000000d7bb0b30,0x00000000dcf00000)
  from space 20992K, 99% used [0x00000000dea00000,0x00000000dfe78200,0x00000000dfe80000)
  to   space 27648K, 0% used [0x00000000dcf00000,0x00000000dcf00000,0x00000000dea00000)
 ParOldGen       total 61440K, used 33790K [0x0000000080000000, 0x0000000083c00000, 0x00000000d5580000)
  object space 61440K, 54% used [0x0000000080000000,0x00000000820ffa50,0x0000000083c00000)
 Metaspace       used 56149K, capacity 58892K, committed 59028K, reserved 1099776K
  class space    used 7580K, capacity 8341K, committed 8448K, reserved 1048576K
Event: 31.258 GC heap after
Heap after GC invocations=21 (full 2):
 PSYoungGen      total 152064K, used 23392K [0x00000000d5580000, 0x00000000e0c00000, 0x0000000100000000)
  eden space 124416K, 0% used [0x00000000d5580000,0x00000000d5580000,0x00000000dcf00000)
  from space 27648K, 84% used [0x00000000dcf00000,0x00000000de5d8000,0x00000000dea00000)
  to   space 20992K, 0% used [0x00000000dea00000,0x00000000dea00000,0x00000000dfe80000)
 ParOldGen       total 61440K, used 36646K [0x0000000080000000, 0x0000000083c00000, 0x00000000d5580000)
  object space 61440K, 59% used [0x0000000080000000,0x00000000823c9aa8,0x0000000083c00000)
 Metaspace       used 56149K, capacity 58892K, committed 59028K, reserved 1099776K
  class space    used 7580K, capacity 8341K, committed 8448K, reserved 1048576K
}
Event: 31.258 GC heap before
{Heap before GC invocations=22 (full 3):
 PSYoungGen      total 152064K, used 23392K [0x00000000d5580000, 0x00000000e0c00000, 0x0000000100000000)
  eden space 124416K, 0% used [0x00000000d5580000,0x00000000d5580000,0x00000000dcf00000)
  from space 27648K, 84% used [0x00000000dcf00000,0x00000000de5d8000,0x00000000dea00000)
  to   space 20992K, 0% used [0x00000000dea00000,0x00000000dea00000,0x00000000dfe80000)
 ParOldGen       total 61440K, used 36646K [0x0000000080000000, 0x0000000083c00000, 0x00000000d5580000)
  object space 61440K, 59% used [0x0000000080000000,0x00000000823c9aa8,0x0000000083c00000)
 Metaspace       used 56149K, capacity 58892K, committed 59028K, reserved 1099776K
  class space    used 7580K, capacity 8341K, committed 8448K, reserved 1048576K
Event: 31.507 GC heap after
Heap after GC invocations=22 (full 3):
 PSYoungGen      total 152064K, used 0K [0x00000000d5580000, 0x00000000e0c00000, 0x0000000100000000)
  eden space 124416K, 0% used [0x00000000d5580000,0x00000000d5580000,0x00000000dcf00000)
  from space 27648K, 0% used [0x00000000dcf00000,0x00000000dcf00000,0x00000000dea00000)
  to   space 20992K, 0% used [0x00000000dea00000,0x00000000dea00000,0x00000000dfe80000)
 ParOldGen       total 61440K, used 55469K [0x0000000080000000, 0x0000000083c00000, 0x00000000d5580000)
  object space 61440K, 90% used [0x0000000080000000,0x000000008362b5d8,0x0000000083c00000)
 Metaspace       used 56149K, capacity 58892K, committed 59028K, reserved 1099776K
  class space    used 7580K, capacity 8341K, committed 8448K, reserved 1048576K
}
Event: 44.690 GC heap before
{Heap before GC invocations=23 (full 4):
 PSYoungGen      total 152064K, used 124416K [0x00000000d5580000, 0x00000000e0c00000, 0x0000000100000000)
  eden space 124416K, 100% used [0x00000000d5580000,0x00000000dcf00000,0x00000000dcf00000)
  from space 27648K, 0% used [0x00000000dcf00000,0x00000000dcf00000,0x00000000dea00000)
  to   space 20992K, 0% used [0x00000000dea00000,0x00000000dea00000,0x00000000dfe80000)
 ParOldGen       total 61440K, used 55469K [0x0000000080000000, 0x0000000083c00000, 0x00000000d5580000)
  object space 61440K, 90% used [0x0000000080000000,0x000000008362b5d8,0x0000000083c00000)
 Metaspace       used 58377K, capacity 61600K, committed 61784K, reserved 1101824K
  class space    used 7943K, capacity 8792K, committed 8832K, reserved 1048576K
Event: 45.306 GC heap after
Heap after GC invocations=23 (full 4):
 PSYoungGen      total 152064K, used 6579K [0x00000000d5580000, 0x00000000e0c00000, 0x0000000100000000)
  eden space 124416K, 5% used [0x00000000d5580000,0x00000000d5becc80,0x00000000dcf00000)
  from space 27648K, 0% used [0x00000000dcf00000,0x00000000dcf00000,0x00000000dea00000)
  to   space 20992K, 0% used [0x00000000dea00000,0x00000000dea00000,0x00000000dfe80000)
 ParOldGen       total 61440K, used 61398K [0x0000000080000000, 0x0000000083c00000, 0x00000000d5580000)
  object space 61440K, 99% used [0x0000000080000000,0x0000000083bf5958,0x0000000083c00000)
 Metaspace       used 58377K, capacity 61600K, committed 61784K, reserved 1101824K
  class space    used 7943K, capacity 8792K, committed 8832K, reserved 1048576K
}
Event: 52.132 GC heap before
{Heap before GC invocations=24 (full 5):
 PSYoungGen      total 152064K, used 124416K [0x00000000d5580000, 0x00000000e0c00000, 0x0000000100000000)
  eden space 124416K, 100% used [0x00000000d5580000,0x00000000dcf00000,0x00000000dcf00000)
  from space 27648K, 0% used [0x00000000dcf00000,0x00000000dcf00000,0x00000000dea00000)
  to   space 20992K, 0% used [0x00000000dea00000,0x00000000dea00000,0x00000000dfe80000)
 ParOldGen       total 61440K, used 61398K [0x0000000080000000, 0x0000000083c00000, 0x00000000d5580000)
  object space 61440K, 99% used [0x0000000080000000,0x0000000083bf5958,0x0000000083c00000)
 Metaspace       used 61082K, capacity 65090K, committed 65240K, reserved 1105920K
  class space    used 8225K, capacity 9211K, committed 9216K, reserved 1048576K

