# JRE version: OpenJDK Runtime Environment (8.0_152-b01) (build 1.8.0_152-release-915-b01)
# Java VM: OpenJDK 64-Bit Server VM (25.152-b01 mixed mode windows-amd64 compressed oops)
Heap:
 PSYoungGen      total 217600K, used 20934K [0x00000000d5580000, 0x00000000e8a00000, 0x0000000100000000)
  eden space 191488K, 10% used [0x00000000d5580000,0x00000000d69f1920,0x00000000e1080000)
  from space 26112K, 0% used [0x00000000e1080000,0x00000000e1080000,0x00000000e2a00000)
  to   space 27136K, 0% used [0x00000000e6f80000,0x00000000e6f80000,0x00000000e8a00000)
 ParOldGen       total 93696K, used 69496K [0x0000000080000000, 0x0000000085b80000, 0x00000000d5580000)
  object space 93696K, 74% used [0x0000000080000000,0x00000000843de190,0x0000000085b80000)
 Metaspace       used 59572K, capacity 63388K, committed 63576K, reserved 1105920K
  class space    used 8074K, capacity 9048K, committed 9088K, reserved 1048576K
GC Heap History (10 events):
Event: 18.358 GC heap before
{Heap before GC invocations=13 (full 2):
 PSYoungGen      total 209408K, used 100917K [0x00000000d5580000, 0x00000000e4800000, 0x0000000100000000)
  eden space 193536K, 43% used [0x00000000d5580000,0x00000000da88e180,0x00000000e1280000)
  from space 15872K, 99% used [0x00000000e2a00000,0x00000000e397f4e0,0x00000000e3980000)
  to   space 24064K, 0% used [0x00000000e1280000,0x00000000e1280000,0x00000000e2a00000)
 ParOldGen       total 93696K, used 36241K [0x0000000080000000, 0x0000000085b80000, 0x00000000d5580000)
  object space 93696K, 38% used [0x0000000080000000,0x00000000823645f8,0x0000000085b80000)
 Metaspace       used 56121K, capacity 58888K, committed 59028K, reserved 1099776K
  class space    used 7585K, capacity 8341K, committed 8448K, reserved 1048576K
Event: 18.403 GC heap after
Heap after GC invocations=13 (full 2):
 PSYoungGen      total 217600K, used 19676K [0x00000000d5580000, 0x00000000e4800000, 0x0000000100000000)
  eden space 193536K, 0% used [0x00000000d5580000,0x00000000d5580000,0x00000000e1280000)
  from space 24064K, 81% used [0x00000000e1280000,0x00000000e25b71d0,0x00000000e2a00000)
  to   space 15872K, 0% used [0x00000000e2a00000,0x00000000e2a00000,0x00000000e3980000)
 ParOldGen       total 93696K, used 42766K [0x0000000080000000, 0x0000000085b80000, 0x00000000d5580000)
  object space 93696K, 45% used [0x0000000080000000,0x00000000829c3940,0x0000000085b80000)
 Metaspace       used 56121K, capacity 58888K, committed 59028K, reserved 1099776K
  class space    used 7585K, capacity 8341K, committed 8448K, reserved 1048576K
}
Event: 18.403 GC heap before
{Heap before GC invocations=14 (full 3):
 PSYoungGen      total 217600K, used 19676K [0x00000000d5580000, 0x00000000e4800000, 0x0000000100000000)
  eden space 193536K, 0% used [0x00000000d5580000,0x00000000d5580000,0x00000000e1280000)
  from space 24064K, 81% used [0x00000000e1280000,0x00000000e25b71d0,0x00000000e2a00000)
  to   space 15872K, 0% used [0x00000000e2a00000,0x00000000e2a00000,0x00000000e3980000)
 ParOldGen       total 93696K, used 42766K [0x0000000080000000, 0x0000000085b80000, 0x00000000d5580000)
  object space 93696K, 45% used [0x0000000080000000,0x00000000829c3940,0x0000000085b80000)
 Metaspace       used 56121K, capacity 58888K, committed 59028K, reserved 1099776K
  class space    used 7585K, capacity 8341K, committed 8448K, reserved 1048576K
Event: 18.690 GC heap after
Heap after GC invocations=14 (full 3):
 PSYoungGen      total 217600K, used 0K [0x00000000d5580000, 0x00000000e4800000, 0x0000000100000000)
  eden space 193536K, 0% used [0x00000000d5580000,0x00000000d5580000,0x00000000e1280000)
  from space 24064K, 0% used [0x00000000e1280000,0x00000000e1280000,0x00000000e2a00000)
  to   space 15872K, 0% used [0x00000000e2a00000,0x00000000e2a00000,0x00000000e3980000)
 ParOldGen       total 93696K, used 57714K [0x0000000080000000, 0x0000000085b80000, 0x00000000d5580000)
  object space 93696K, 61% used [0x0000000080000000,0x000000008385ca98,0x0000000085b80000)
 Metaspace       used 56121K, capacity 58888K, committed 59028K, reserved 1099776K
  class space    used 7585K, capacity 8341K, committed 8448K, reserved 1048576K
}
Event: 27.701 GC heap before
{Heap before GC invocations=15 (full 3):
 PSYoungGen      total 217600K, used 193536K [0x00000000d5580000, 0x00000000e4800000, 0x0000000100000000)
  eden space 193536K, 100% used [0x00000000d5580000,0x00000000e1280000,0x00000000e1280000)
  from space 24064K, 0% used [0x00000000e1280000,0x00000000e1280000,0x00000000e2a00000)
  to   space 15872K, 0% used [0x00000000e2a00000,0x00000000e2a00000,0x00000000e3980000)
 ParOldGen       total 93696K, used 57714K [0x0000000080000000, 0x0000000085b80000, 0x00000000d5580000)
  object space 93696K, 61% used [0x0000000080000000,0x000000008385ca98,0x0000000085b80000)
 Metaspace       used 58689K, capacity 61976K, committed 62168K, reserved 1101824K
  class space    used 7959K, capacity 8838K, committed 8960K, reserved 1048576K
Event: 27.714 GC heap after
Heap after GC invocations=15 (full 3):
 PSYoungGen      total 207360K, used 15872K [0x00000000d5580000, 0x00000000e8e00000, 0x0000000100000000)
  eden space 191488K, 0% used [0x00000000d5580000,0x00000000d5580000,0x00000000e1080000)
  from space 15872K, 100% used [0x00000000e2a00000,0x00000000e3980000,0x00000000e3980000)
  to   space 26112K, 0% used [0x00000000e1080000,0x00000000e1080000,0x00000000e2a00000)
 ParOldGen       total 93696K, used 58887K [0x0000000080000000, 0x0000000085b80000, 0x00000000d5580000)
  object space 93696K, 62% used [0x0000000080000000,0x0000000083981c38,0x0000000085b80000)
 Metaspace       used 58689K, capacity 61976K, committed 62168K, reserved 1101824K
  class space    used 7959K, capacity 8838K, committed 8960K, reserved 1048576K
}
Event: 28.482 GC heap before
{Heap before GC invocations=16 (full 3):
 PSYoungGen      total 207360K, used 48921K [0x00000000d5580000, 0x00000000e8e00000, 0x0000000100000000)
  eden space 191488K, 17% used [0x00000000d5580000,0x00000000d75c64b0,0x00000000e1080000)
  from space 15872K, 100% used [0x00000000e2a00000,0x00000000e3980000,0x00000000e3980000)
  to   space 26112K, 0% used [0x00000000e1080000,0x00000000e1080000,0x00000000e2a00000)
 ParOldGen       total 93696K, used 58887K [0x0000000080000000, 0x0000000085b80000, 0x00000000d5580000)
  object space 93696K, 62% used [0x0000000080000000,0x0000000083981c38,0x0000000085b80000)
 Metaspace       used 58847K, capacity 62338K, committed 62424K, reserved 1107968K
  class space    used 7981K, capacity 8877K, committed 8960K, reserved 1048576K
Event: 28.495 GC heap after
Heap after GC invocations=16 (full 3):
 PSYoungGen      total 217600K, used 1344K [0x00000000d5580000, 0x00000000e8a00000, 0x0000000100000000)
  eden space 191488K, 0% used [0x00000000d5580000,0x00000000d5580000,0x00000000e1080000)
  from space 26112K, 5% used [0x00000000e1080000,0x00000000e11d0000,0x00000000e2a00000)
  to   space 27136K, 0% used [0x00000000e6f80000,0x00000000e6f80000,0x00000000e8a00000)
 ParOldGen       total 93696K, used 74185K [0x0000000080000000, 0x0000000085b80000, 0x00000000d5580000)
  object space 93696K, 79% used [0x0000000080000000,0x0000000084872700,0x0000000085b80000)
 Metaspace       used 58847K, capacity 62338K, committed 62424K, reserved 1107968K
  class space    used 7981K, capacity 8877K, committed 8960K, reserved 1048576K
}
Event: 28.495 GC heap before
{Heap before GC invocations=17 (full 4):
 PSYoungGen      total 217600K, used 1344K [0x00000000d5580000, 0x00000000e8a00000, 0x0000000100000000)
  eden space 191488K, 0% used [0x00000000d5580000,0x00000000d5580000,0x00000000e1080000)
  from space 26112K, 5% used [0x00000000e1080000,0x00000000e11d0000,0x00000000e2a00000)
  to   space 27136K, 0% used [0x00000000e6f80000,0x00000000e6f80000,0x00000000e8a00000)
 ParOldGen       total 93696K, used 74185K [0x0000000080000000, 0x0000000085b80000, 0x00000000d5580000)
  object space 93696K, 79% used [0x0000000080000000,0x0000000084872700,0x0000000085b80000)
 Metaspace       used 58847K, capacity 62338K, committed 62424K, reserved 1107968K
  class space    used 7981K, capacity 8877K, committed 8960K, reserved 1048576K
Event: 28.653 GC heap after
Heap after GC invocations=17 (full 4):
 PSYoungGen      total 217600K, used 0K [0x00000000d5580000, 0x00000000e8a00000, 0x0000000100000000)
  eden space 191488K, 0% used [0x00000000d5580000,0x00000000d5580000,0x00000000e1080000)
  from space 26112K, 0% used [0x00000000e1080000,0x00000000e1080000,0x00000000e2a00000)
  to   space 27136K, 0% used [0x00000000e6f80000,0x00000000e6f80000,0x00000000e8a00000)
 ParOldGen       total 93696K, used 69496K [0x0000000080000000, 0x0000000085b80000, 0x00000000d5580000)
  object space 93696K, 74% used [0x0000000080000000,0x00000000843de190,0x0000000085b80000)
 Metaspace       used 58847K, capacity 62338K, committed 62424K, reserved 1105920K
  class space    used 7981K, capacity 8877K, committed 8960K, reserved 1048576K
}

