# JRE version: Java(TM) SE Runtime Environment (8.0_66-b18) (build 1.8.0_66-b18)
# Java VM: Java HotSpot(TM) 64-Bit Server VM (25.66-b18 mixed mode windows-amd64 compressed oops)
Heap:
 PSYoungGen      total 583680K, used 165518K [0x00000000d5580000, 0x00000000ffd00000, 0x0000000100000000)
  eden space 476672K, 34% used [0x00000000d5580000,0x00000000df405530,0x00000000f2700000)
  from space 107008K, 2% used [0x00000000f2700000,0x00000000f2a1e578,0x00000000f8f80000)
  to   space 102912K, 0% used [0x00000000f9880000,0x00000000f9880000,0x00000000ffd00000)
 ParOldGen       total 600064K, used 400666K [0x0000000080000000, 0x00000000a4a00000, 0x00000000d5580000)
  object space 600064K, 66% used [0x0000000080000000,0x0000000098746810,0x00000000a4a00000)
 Metaspace       used 109546K, capacity 120906K, committed 126424K, reserved 1159168K
  class space    used 13479K, capacity 16227K, committed 16896K, reserved 1048576K
GC Heap History (10 events):
Event: 20618.916 GC heap before
{Heap before GC invocations=187 (full 20):
 PSYoungGen      total 562688K, used 447776K [0x00000000d5580000, 0x00000000ff800000, 0x0000000100000000)
  eden space 446976K, 100% used [0x00000000d5580000,0x00000000f0a00000,0x00000000f0a00000)
  from space 115712K, 0% used [0x00000000f8700000,0x00000000f87c8050,0x00000000ff800000)
  to   space 121856K, 0% used [0x00000000f0a00000,0x00000000f0a00000,0x00000000f8100000)
 ParOldGen       total 600064K, used 383677K [0x0000000080000000, 0x00000000a4a00000, 0x00000000d5580000)
  object space 600064K, 63% used [0x0000000080000000,0x00000000976af440,0x00000000a4a00000)
 Metaspace       used 109410K, capacity 120632K, committed 126424K, reserved 1159168K
  class space    used 13461K, capacity 16176K, committed 16896K, reserved 1048576K
Event: 20618.923 GC heap after
Heap after GC invocations=187 (full 20):
 PSYoungGen      total 568832K, used 1681K [0x00000000d5580000, 0x0000000100000000, 0x0000000100000000)
  eden space 446976K, 0% used [0x00000000d5580000,0x00000000d5580000,0x00000000f0a00000)
  from space 121856K, 1% used [0x00000000f0a00000,0x00000000f0ba44c8,0x00000000f8100000)
  to   space 118784K, 0% used [0x00000000f8c00000,0x00000000f8c00000,0x0000000100000000)
 ParOldGen       total 600064K, used 384253K [0x0000000080000000, 0x00000000a4a00000, 0x00000000d5580000)
  object space 600064K, 64% used [0x0000000080000000,0x000000009773f490,0x00000000a4a00000)
 Metaspace       used 109410K, capacity 120632K, committed 126424K, reserved 1159168K
  class space    used 13461K, capacity 16176K, committed 16896K, reserved 1048576K
}
Event: 20622.286 GC heap before
{Heap before GC invocations=188 (full 20):
 PSYoungGen      total 568832K, used 448169K [0x00000000d5580000, 0x0000000100000000, 0x0000000100000000)
  eden space 446976K, 99% used [0x00000000d5580000,0x00000000f0986068,0x00000000f0a00000)
  from space 121856K, 1% used [0x00000000f0a00000,0x00000000f0ba44c8,0x00000000f8100000)
  to   space 118784K, 0% used [0x00000000f8c00000,0x00000000f8c00000,0x0000000100000000)
 ParOldGen       total 600064K, used 384253K [0x0000000080000000, 0x00000000a4a00000, 0x00000000d5580000)
  object space 600064K, 64% used [0x0000000080000000,0x000000009773f490,0x00000000a4a00000)
 Metaspace       used 109447K, capacity 120660K, committed 126424K, reserved 1159168K
  class space    used 13462K, capacity 16178K, committed 16896K, reserved 1048576K
Event: 20622.302 GC heap after
Heap after GC invocations=188 (full 20):
 PSYoungGen      total 560640K, used 37627K [0x00000000d5580000, 0x00000000ff000000, 0x0000000100000000)
  eden space 458240K, 0% used [0x00000000d5580000,0x00000000d5580000,0x00000000f1500000)
  from space 102400K, 36% used [0x00000000f8c00000,0x00000000fb0bef60,0x00000000ff000000)
  to   space 112128K, 0% used [0x00000000f1500000,0x00000000f1500000,0x00000000f8280000)
 ParOldGen       total 600064K, used 384653K [0x0000000080000000, 0x00000000a4a00000, 0x00000000d5580000)
  object space 600064K, 64% used [0x0000000080000000,0x00000000977a3490,0x00000000a4a00000)
 Metaspace       used 109447K, capacity 120660K, committed 126424K, reserved 1159168K
  class space    used 13462K, capacity 16178K, committed 16896K, reserved 1048576K
}
Event: 20622.400 GC heap before
{Heap before GC invocations=189 (full 20):
 PSYoungGen      total 560640K, used 495851K [0x00000000d5580000, 0x00000000ff000000, 0x0000000100000000)
  eden space 458240K, 99% used [0x00000000d5580000,0x00000000f14fbe08,0x00000000f1500000)
  from space 102400K, 36% used [0x00000000f8c00000,0x00000000fb0bef60,0x00000000ff000000)
  to   space 112128K, 0% used [0x00000000f1500000,0x00000000f1500000,0x00000000f8280000)
 ParOldGen       total 600064K, used 384653K [0x0000000080000000, 0x00000000a4a00000, 0x00000000d5580000)
  object space 600064K, 64% used [0x0000000080000000,0x00000000977a3490,0x00000000a4a00000)
 Metaspace       used 109448K, capacity 120660K, committed 126424K, reserved 1159168K
  class space    used 13462K, capacity 16178K, committed 16896K, reserved 1048576K
Event: 20622.408 GC heap after
Heap after GC invocations=189 (full 20):
 PSYoungGen      total 570368K, used 128K [0x00000000d5580000, 0x0000000100000000, 0x0000000100000000)
  eden space 458240K, 0% used [0x00000000d5580000,0x00000000d5580000,0x00000000f1500000)
  from space 112128K, 0% used [0x00000000f1500000,0x00000000f1520000,0x00000000f8280000)
  to   space 110080K, 0% used [0x00000000f9480000,0x00000000f9480000,0x0000000100000000)
 ParOldGen       total 600064K, used 400586K [0x0000000080000000, 0x00000000a4a00000, 0x00000000d5580000)
  object space 600064K, 66% used [0x0000000080000000,0x0000000098732810,0x00000000a4a00000)
 Metaspace       used 109448K, capacity 120660K, committed 126424K, reserved 1159168K
  class space    used 13462K, capacity 16178K, committed 16896K, reserved 1048576K
}
Event: 20622.508 GC heap before
{Heap before GC invocations=190 (full 20):
 PSYoungGen      total 570368K, used 457537K [0x00000000d5580000, 0x0000000100000000, 0x0000000100000000)
  eden space 458240K, 99% used [0x00000000d5580000,0x00000000f1430668,0x00000000f1500000)
  from space 112128K, 0% used [0x00000000f1500000,0x00000000f1520000,0x00000000f8280000)
  to   space 110080K, 0% used [0x00000000f9480000,0x00000000f9480000,0x0000000100000000)
 ParOldGen       total 600064K, used 400586K [0x0000000080000000, 0x00000000a4a00000, 0x00000000d5580000)
  object space 600064K, 66% used [0x0000000080000000,0x0000000098732810,0x00000000a4a00000)
 Metaspace       used 109448K, capacity 120660K, committed 126424K, reserved 1159168K
  class space    used 13462K, capacity 16178K, committed 16896K, reserved 1048576K
Event: 20622.512 GC heap after
Heap after GC invocations=190 (full 20):
 PSYoungGen      total 578560K, used 96K [0x00000000d5580000, 0x00000000ff800000, 0x0000000100000000)
  eden space 476672K, 0% used [0x00000000d5580000,0x00000000d5580000,0x00000000f2700000)
  from space 101888K, 0% used [0x00000000f9480000,0x00000000f9498000,0x00000000ff800000)
  to   space 107008K, 0% used [0x00000000f2700000,0x00000000f2700000,0x00000000f8f80000)
 ParOldGen       total 600064K, used 400626K [0x0000000080000000, 0x00000000a4a00000, 0x00000000d5580000)
  object space 600064K, 66% used [0x0000000080000000,0x000000009873c810,0x00000000a4a00000)
 Metaspace       used 109448K, capacity 120660K, committed 126424K, reserved 1159168K
  class space    used 13462K, capacity 16178K, committed 16896K, reserved 1048576K
}
Event: 20786.849 GC heap before
{Heap before GC invocations=191 (full 20):
 PSYoungGen      total 578560K, used 476768K [0x00000000d5580000, 0x00000000ff800000, 0x0000000100000000)
  eden space 476672K, 100% used [0x00000000d5580000,0x00000000f2700000,0x00000000f2700000)
  from space 101888K, 0% used [0x00000000f9480000,0x00000000f9498000,0x00000000ff800000)
  to   space 107008K, 0% used [0x00000000f2700000,0x00000000f2700000,0x00000000f8f80000)
 ParOldGen       total 600064K, used 400626K [0x0000000080000000, 0x00000000a4a00000, 0x00000000d5580000)
  object space 600064K, 66% used [0x0000000080000000,0x000000009873c810,0x00000000a4a00000)
 Metaspace       used 109525K, capacity 120894K, committed 126424K, reserved 1159168K
  class space    used 13478K, capacity 16225K, committed 16896K, reserved 1048576K
Event: 20786.859 GC heap after
Heap after GC invocations=191 (full 20):
 PSYoungGen      total 583680K, used 3193K [0x00000000d5580000, 0x00000000ffd00000, 0x0000000100000000)
  eden space 476672K, 0% used [0x00000000d5580000,0x00000000d5580000,0x00000000f2700000)
  from space 107008K, 2% used [0x00000000f2700000,0x00000000f2a1e578,0x00000000f8f80000)
  to   space 102912K, 0% used [0x00000000f9880000,0x00000000f9880000,0x00000000ffd00000)
 ParOldGen       total 600064K, used 400666K [0x0000000080000000, 0x00000000a4a00000, 0x00000000d5580000)
  object space 600064K, 66% used [0x0000000080000000,0x0000000098746810,0x00000000a4a00000)
 Metaspace       used 109525K, capacity 120894K, committed 126424K, reserved 1159168K
  class space    used 13478K, capacity 16225K, committed 16896K, reserved 1048576K
}

